<?xml version="1.0" encoding="UTF-8"?>

<!--
    This file stores bootstrap properties needed by Openfire.
    Property names must be in the format: "prop.name.is.blah=value"
    That will be stored as:
        <prop>
            <name>
                <is>
                    <blah>value</blah>
                </is>
            </name>
        </prop>

    Most properties are stored in the Openfire database. A
	property viewer and editor is included in the admin console.
-->
<!-- root element, all properties must be under this element -->
<jive> 
  <adminConsole> 
    <!-- Disable either port by setting the value to -1 -->  
    <port>9090</port>  
    <securePort>9091</securePort> 
  </adminConsole>  
  <admin> 
    <!-- Use this section to define users that will have admin privileges. Below,
          you will find two ways to specify which users are admins. Admins will
          have access to the admin console (only local users) and may have also access
          to other functionalities like ad-hoc commands. -->  
    <!-- By default, only the user with the username "admin" can login
         to the admin console. Alternatively, you can specify a comma-delimitted
         list usernames that should be authorized to login to the admin console
         by setting the <authorizedUsernames> field below. -->  
    <!-- <authorizedUsernames></authorizedUsernames> -->  
    <!-- Comma-delimitted list of bare JIDs. The JIDs may belong to local
         or remote users. -->  
    <!-- <authorizedJIDs></authorizedJIDs> --> 
  </admin>  
  <locale>en</locale>  
  <!-- Network settings. By default, Openfire will bind to all network interfaces.
      Alternatively, you can specify a specific network interfaces that the server
      will listen on. For example, 127.0.0.1. This setting is generally only useful
       on multi-homed servers. -->  
  <!--
    <network>
        <interface></interface>
    </network>
    -->  
  <!-- Example LDAP settings -->  
  <!-- Note, for Active Directory, try usernameField=sAMAccountName, nameField=displayName,
         emailField=mail -->  
  <!--
    <ldap>
        <host></host>
        <port>389</port>
        <usernameField>uid</usernameField>
        <nameField>cn</nameField>
        <emailField>mail</emailField>
        <baseDN></baseDN>
        <adminDN></adminDN>
        <adminPassword></adminPassword>
    </ldap>
    <provider>
        <user>
            <className>org.jivesoftware.openfire.ldap.LdapUserProvider</className>
        </user>
        <auth>
            <className>org.jivesoftware.openfire.ldap.LdapAuthenticationProvider</className>
        </auth>
    </provider>
    -->  
  <!-- End example LDAP settings -->  
  <connectionProvider> 
    <className>org.jivesoftware.database.EmbeddedConnectionProvider</className> 
  </connectionProvider>  
  <setup>true</setup> 
</jive>
