<?xml version="1.0" encoding="UTF-8"?>

<Openfire>
  <User>
    <Username>admin</Username>
    <Password>admin</Password>
    <Email>admin@example.com</Email>
    <Name>Administrator</Name>
    <CreationDate>1450103443961</CreationDate>
    <ModifiedDate>0</ModifiedDate>
    <Roster/>
  </User>
  <User>
    <Username>anno</Username>
    <Password>anno</Password>
    <Email></Email>
    <Name>A.A.M. Vliet</Name>
    <CreationDate>1450104179268</CreationDate>
    <ModifiedDate>1450104179268</ModifiedDate>
    <Roster>
      <Item jid="test1@openfire.xmpp.test" askstatus="-1" recvstatus="-1" substatus="3" name="Tester Een"/>
    </Roster>
  </User>
  <User>
    <Username>test1</Username>
    <Password>test</Password>
    <Email></Email>
    <Name>Tester Een</Name>
    <CreationDate>1450104197255</CreationDate>
    <ModifiedDate>1450104197255</ModifiedDate>
    <Roster>
      <Item jid="anno@openfire.xmpp.test" askstatus="-1" recvstatus="-1" substatus="3"/>
    </Roster>
  </User>
  <User>
    <Username>test2</Username>
    <Password>test</Password>
    <Email></Email>
    <Name>Tester Twee</Name>
    <CreationDate>1450104215316</CreationDate>
    <ModifiedDate>1450104215316</ModifiedDate>
    <Roster/>
  </User>
</Openfire>
