<?xml version="1.0" encoding="UTF-8"?>

<server-data xmlns="urn:xmpp:pie:0">
  <host jid="openfire.xmpp.test">
    <user name="admin" password="admin">
      <offline-messages>
        <message xmlns="jabber:client" from="openfire.xmpp.test" to="admin@openfire.xmpp.test" type="normal">
          <body>A server or plugin update was found: Monitoring Service 1.5.0</body>
          <delay xmlns="urn:xmpp:delay" from="openfire.xmpp.test" stamp="Thu Jan 21 14:17:35 CET 2016">Offline Storage</delay>
        </message>
        <message xmlns="jabber:client" from="openfire.xmpp.test" to="admin@openfire.xmpp.test" type="normal">
          <body>A server or plugin update was found: Monitoring Service 1.5.0</body>
          <delay xmlns="urn:xmpp:delay" from="openfire.xmpp.test" stamp="Mon Jan 25 11:38:03 CET 2016">Offline Storage</delay>
        </message>
      </offline-messages>
      <query xmlns="jabber:iq:roster"/>
    </user>
    <user name="anno" password="anno">
      <offline-messages>
        <message xmlns="jabber:client" from="pubsub.openfire.xmpp.test" to="anno@openfire.xmpp.test" type="normal">
          <body></body>
          <delay xmlns="urn:xmpp:delay" from="openfire.xmpp.test" stamp="Wed Sep 14 18:11:51 CEST 2016">Offline Storage</delay>
        </message>
        <message xmlns="jabber:client" from="pubsub.openfire.xmpp.test" to="anno@openfire.xmpp.test" type="normal">
          <body></body>
          <delay xmlns="urn:xmpp:delay" from="openfire.xmpp.test" stamp="Wed Sep 14 18:11:51 CEST 2016">Offline Storage</delay>
        </message>
        <message xmlns="jabber:client" from="pubsub.openfire.xmpp.test" to="anno@openfire.xmpp.test" type="normal">
          <body></body>
          <delay xmlns="urn:xmpp:delay" from="openfire.xmpp.test" stamp="Fri Sep 16 13:23:35 CEST 2016">Offline Storage</delay>
        </message>
        <message xmlns="jabber:client" from="pubsub.openfire.xmpp.test" to="anno@openfire.xmpp.test" type="normal">
          <body></body>
          <delay xmlns="urn:xmpp:delay" from="openfire.xmpp.test" stamp="Fri Sep 16 13:23:35 CEST 2016">Offline Storage</delay>
        </message>
        <message xmlns="jabber:client" from="pubsub.openfire.xmpp.test" to="anno@openfire.xmpp.test" type="normal">
          <body></body>
          <delay xmlns="urn:xmpp:delay" from="openfire.xmpp.test" stamp="Mon Sep 19 16:35:21 CEST 2016">Offline Storage</delay>
        </message>
        <message xmlns="jabber:client" from="pubsub.openfire.xmpp.test" to="anno@openfire.xmpp.test" type="normal">
          <body></body>
          <delay xmlns="urn:xmpp:delay" from="openfire.xmpp.test" stamp="Mon Sep 19 16:35:21 CEST 2016">Offline Storage</delay>
        </message>
        <message xmlns="jabber:client" from="pubsub.openfire.xmpp.test" to="anno@openfire.xmpp.test" type="normal">
          <body></body>
          <delay xmlns="urn:xmpp:delay" from="openfire.xmpp.test" stamp="Tue Sep 20 14:39:46 CEST 2016">Offline Storage</delay>
        </message>
        <message xmlns="jabber:client" from="pubsub.openfire.xmpp.test" to="anno@openfire.xmpp.test" type="normal">
          <body></body>
          <delay xmlns="urn:xmpp:delay" from="openfire.xmpp.test" stamp="Tue Sep 20 14:39:46 CEST 2016">Offline Storage</delay>
        </message>
      </offline-messages>
      <query xmlns="jabber:iq:roster">
        <item jid="test1@openfire.xmpp.test" name="Tester Een" subscription="both">
          <group/>
        </item>
      </query>
    </user>
    <user name="test1" password="test">
      <offline-messages>
        <message xmlns="jabber:client" from="pubsub.openfire.xmpp.test" to="test1@openfire.xmpp.test" type="normal">
          <body></body>
          <delay xmlns="urn:xmpp:delay" from="openfire.xmpp.test" stamp="Fri Sep 16 13:23:35 CEST 2016">Offline Storage</delay>
        </message>
        <message xmlns="jabber:client" from="pubsub.openfire.xmpp.test" to="test1@openfire.xmpp.test" type="normal">
          <body></body>
          <delay xmlns="urn:xmpp:delay" from="openfire.xmpp.test" stamp="Fri Sep 16 13:23:35 CEST 2016">Offline Storage</delay>
        </message>
        <message xmlns="jabber:client" from="pubsub.openfire.xmpp.test" to="test1@openfire.xmpp.test" type="normal">
          <body></body>
          <delay xmlns="urn:xmpp:delay" from="openfire.xmpp.test" stamp="Mon Sep 19 16:35:21 CEST 2016">Offline Storage</delay>
        </message>
        <message xmlns="jabber:client" from="pubsub.openfire.xmpp.test" to="test1@openfire.xmpp.test" type="normal">
          <body></body>
          <delay xmlns="urn:xmpp:delay" from="openfire.xmpp.test" stamp="Mon Sep 19 16:35:21 CEST 2016">Offline Storage</delay>
        </message>
        <message xmlns="jabber:client" from="pubsub.openfire.xmpp.test" to="test1@openfire.xmpp.test" type="normal">
          <body></body>
          <delay xmlns="urn:xmpp:delay" from="openfire.xmpp.test" stamp="Tue Sep 20 14:39:46 CEST 2016">Offline Storage</delay>
        </message>
        <message xmlns="jabber:client" from="pubsub.openfire.xmpp.test" to="test1@openfire.xmpp.test" type="normal">
          <body></body>
          <delay xmlns="urn:xmpp:delay" from="openfire.xmpp.test" stamp="Tue Sep 20 14:39:46 CEST 2016">Offline Storage</delay>
        </message>
      </offline-messages>
      <query xmlns="jabber:iq:roster">
        <item jid="anno@openfire.xmpp.test" subscription="both">
          <group/>
        </item>
      </query>
    </user>
    <user name="test2" password="test">
      <offline-messages>
        <message xmlns="jabber:client" from="pubsub.openfire.xmpp.test" to="test2@openfire.xmpp.test" type="normal">
          <body></body>
          <delay xmlns="urn:xmpp:delay" from="openfire.xmpp.test" stamp="Fri Sep 09 17:48:00 CEST 2016">Offline Storage</delay>
        </message>
        <message xmlns="jabber:client" from="pubsub.openfire.xmpp.test" to="test2@openfire.xmpp.test" type="normal">
          <body></body>
          <delay xmlns="urn:xmpp:delay" from="openfire.xmpp.test" stamp="Fri Sep 09 17:48:00 CEST 2016">Offline Storage</delay>
        </message>
        <message xmlns="jabber:client" from="pubsub.openfire.xmpp.test" to="test2@openfire.xmpp.test" type="normal">
          <body></body>
          <delay xmlns="urn:xmpp:delay" from="openfire.xmpp.test" stamp="Fri Sep 09 17:48:00 CEST 2016">Offline Storage</delay>
        </message>
        <message xmlns="jabber:client" from="pubsub.openfire.xmpp.test" to="test2@openfire.xmpp.test" type="normal">
          <body></body>
          <delay xmlns="urn:xmpp:delay" from="openfire.xmpp.test" stamp="Wed Sep 14 11:02:37 CEST 2016">Offline Storage</delay>
        </message>
        <message xmlns="jabber:client" from="pubsub.openfire.xmpp.test" to="test2@openfire.xmpp.test" type="normal">
          <body></body>
          <delay xmlns="urn:xmpp:delay" from="openfire.xmpp.test" stamp="Wed Sep 14 11:02:37 CEST 2016">Offline Storage</delay>
        </message>
        <message xmlns="jabber:client" from="pubsub.openfire.xmpp.test" to="test2@openfire.xmpp.test" type="normal">
          <body></body>
          <delay xmlns="urn:xmpp:delay" from="openfire.xmpp.test" stamp="Wed Sep 14 11:02:37 CEST 2016">Offline Storage</delay>
        </message>
        <message xmlns="jabber:client" from="pubsub.openfire.xmpp.test" to="test2@openfire.xmpp.test" type="normal">
          <body></body>
          <delay xmlns="urn:xmpp:delay" from="openfire.xmpp.test" stamp="Wed Sep 14 18:11:51 CEST 2016">Offline Storage</delay>
        </message>
        <message xmlns="jabber:client" from="pubsub.openfire.xmpp.test" to="test2@openfire.xmpp.test" type="normal">
          <body></body>
          <delay xmlns="urn:xmpp:delay" from="openfire.xmpp.test" stamp="Wed Sep 14 18:11:51 CEST 2016">Offline Storage</delay>
        </message>
        <message xmlns="jabber:client" from="pubsub.openfire.xmpp.test" to="test2@openfire.xmpp.test" type="normal">
          <body></body>
          <delay xmlns="urn:xmpp:delay" from="openfire.xmpp.test" stamp="Wed Sep 14 18:11:51 CEST 2016">Offline Storage</delay>
        </message>
        <message xmlns="jabber:client" from="pubsub.openfire.xmpp.test" to="test2@openfire.xmpp.test" type="normal">
          <body></body>
          <delay xmlns="urn:xmpp:delay" from="openfire.xmpp.test" stamp="Fri Sep 16 13:23:35 CEST 2016">Offline Storage</delay>
        </message>
        <message xmlns="jabber:client" from="pubsub.openfire.xmpp.test" to="test2@openfire.xmpp.test" type="normal">
          <body></body>
          <delay xmlns="urn:xmpp:delay" from="openfire.xmpp.test" stamp="Fri Sep 16 13:23:35 CEST 2016">Offline Storage</delay>
        </message>
        <message xmlns="jabber:client" from="pubsub.openfire.xmpp.test" to="test2@openfire.xmpp.test" type="normal">
          <body></body>
          <delay xmlns="urn:xmpp:delay" from="openfire.xmpp.test" stamp="Fri Sep 16 13:23:35 CEST 2016">Offline Storage</delay>
        </message>
        <message xmlns="jabber:client" from="pubsub.openfire.xmpp.test" to="test2@openfire.xmpp.test" type="normal">
          <body></body>
          <delay xmlns="urn:xmpp:delay" from="openfire.xmpp.test" stamp="Mon Sep 19 16:35:21 CEST 2016">Offline Storage</delay>
        </message>
        <message xmlns="jabber:client" from="pubsub.openfire.xmpp.test" to="test2@openfire.xmpp.test" type="normal">
          <body></body>
          <delay xmlns="urn:xmpp:delay" from="openfire.xmpp.test" stamp="Mon Sep 19 16:35:21 CEST 2016">Offline Storage</delay>
        </message>
        <message xmlns="jabber:client" from="pubsub.openfire.xmpp.test" to="test2@openfire.xmpp.test" type="normal">
          <body></body>
          <delay xmlns="urn:xmpp:delay" from="openfire.xmpp.test" stamp="Mon Sep 19 16:35:21 CEST 2016">Offline Storage</delay>
        </message>
        <message xmlns="jabber:client" from="pubsub.openfire.xmpp.test" to="test2@openfire.xmpp.test" type="normal">
          <body></body>
          <delay xmlns="urn:xmpp:delay" from="openfire.xmpp.test" stamp="Tue Sep 20 14:39:46 CEST 2016">Offline Storage</delay>
        </message>
        <message xmlns="jabber:client" from="pubsub.openfire.xmpp.test" to="test2@openfire.xmpp.test" type="normal">
          <body></body>
          <delay xmlns="urn:xmpp:delay" from="openfire.xmpp.test" stamp="Tue Sep 20 14:39:46 CEST 2016">Offline Storage</delay>
        </message>
        <message xmlns="jabber:client" from="pubsub.openfire.xmpp.test" to="test2@openfire.xmpp.test" type="normal">
          <body></body>
          <delay xmlns="urn:xmpp:delay" from="openfire.xmpp.test" stamp="Tue Sep 20 14:39:46 CEST 2016">Offline Storage</delay>
        </message>
      </offline-messages>
      <query xmlns="jabber:iq:roster"/>
      <vCard xmlns="vcard-temp">
        <NICKNAME>test2-nickname</NICKNAME>
        <FN>My full name</FN>
        <URL>www.home.net</URL>
        <PHOTO>
          <BINVAL>/9j/4AAQSkZJRgABAgAAAQABAAD/2wBDAAgGBgcGBQgHBwcJCQgKDBQNDAsLDBkSEw8UHRofHh0aHBwgJC4nICIsIxwcKDcpLDAxNDQ0Hyc5PTgyPC4zNDL/2wBDAQkJCQwLDBgNDRgyIRwhMjIyMjIyMjIyMjIyMjIyMjIyMjIyMjIyMjIyMjIyMjIyMjIyMjIyMjIyMjIyMjIyMjL/wAARCABLAEsDASIAAhEBAxEB/8QAHwAAAQUBAQEBAQEAAAAAAAAAAAECAwQFBgcICQoL/8QAtRAAAgEDAwIEAwUFBAQAAAF9AQIDAAQRBRIhMUEGE1FhByJxFDKBkaEII0KxwRVS0fAkM2JyggkKFhcYGRolJicoKSo0NTY3ODk6Q0RFRkdISUpTVFVWV1hZWmNkZWZnaGlqc3R1dnd4eXqDhIWGh4iJipKTlJWWl5iZmqKjpKWmp6ipqrKztLW2t7i5usLDxMXGx8jJytLT1NXW19jZ2uHi4+Tl5ufo6erx8vP09fb3+Pn6/8QAHwEAAwEBAQEBAQEBAQAAAAAAAAECAwQFBgcICQoL/8QAtREAAgECBAQDBAcFBAQAAQJ3AAECAxEEBSExBhJBUQdhcRMiMoEIFEKRobHBCSMzUvAVYnLRChYkNOEl8RcYGRomJygpKjU2Nzg5OkNERUZHSElKU1RVVldYWVpjZGVmZ2hpanN0dXZ3eHl6goOEhYaHiImKkpOUlZaXmJmaoqOkpaanqKmqsrO0tba3uLm6wsPExcbHyMnK0tPU1dbX2Nna4uPk5ebn6Onq8vP09fb3+Pn6/9oADAMBAAIRAxEAPwD3Siis3VNUtbKxmllnMYjIBYKeOQOwrGUlFXZnKSirsvzSrDBJKwJVFLHHXAGawLvxnp1ls8yG6O/ONqr2/wCBe9ctqd/qOrX8VxpV5cyWCqEm2zFFJBJYFSRngjtToxbrn7aiN/c3ru+v9K4KuNSdonDPFtu0NPM2W+JGjqSDbX3/AHwn/wAVUkPxB0md0Vbe9Bdgoyiev+9XJXY07LbYofvdov8A61Z0zwIHMQVWAypVcYNc39oTuc7xlVPVo9d0/VINS8zyUkXy8Z3gDrn0PtV2vBZNU1W3x9m1C7i3fe8udlz6Zwa9P0HxXpmpXzww37yssZcqUfpkDPI967qGLjU06nVh8bGp7r0Z1dFNjkSWMOhyp6GnV1naMlmigUNLIkak4y7ADNeb32qXWraxd6VcRItg87r50akEqpJUhiSOcDt3rqPGl59i0eGTZvzcKuM4/hb/AArlguy2W+zncofZ/ve/41wY2q0uVHBi53fIum5IkcWjwPbW0m9Hy5MhBOSMdselUJrhpdu7aMelRXV75k6/u8cAfe96heTpxXhTm5PyPPlNbLYinI5571SfLyGOMb5G+VUXksT0AFS3M2xc7c/N610fhrwn/aJ0/Wftvl/vg/k+Vn7r4xnPfb6VdCjKrLlijOFOVWXLEx9M8M3195v2qwvo9mNuIWGc5z1HtWVbjUvCUhv0sZUMg8nN1EwXnnjpz8v8698gt/K3fNnPtXlPxEv/ALT4fgTytuLpTndn+B/avVq4SNBJp6nZXwkKEFNPVHZeD9aXVfDtlNPLbrdyb8xI2Dw7DoST0Ga6GvIfh3qOdV02y8r/AJ6/Pu/2XPTFevV30J88EzvwtT2lJM474ksV8O25BI/0ten+49cmkkl/pcVlBIyTNGgDMcAYwT0+ldh8Q4Wn0CBUjZyLpThQT/C9cALprOENFIEmjAGDjI7Hg15+Nsqqctjgxj5a13sdDpnhS/m0m4LzWzS5YK7MxI+UY5xWJqOk3uieX9snSTzs7fLcnGMZzkD1Fdh4K1hLnTHivL2Hz3uSqozKrMCq4wO/Oa6S78P6Xqmz7ba+b5edn7xlxnr0I9BW0sFSr0U6W5t9Up1qSlS38zkvCfhOZ7kXl8LS4tZ7ffHHJlypYqQSCMZxmu+htrbTbDCW8SRwqzbYkAA6ngUsENnptvGi7IYkURpufgADgZJ9q5LxR4oFqNRt7fVLZSsJ2IGQnJTPfnqa2UaeDp+Zuo08LT13GeKvGltY/ZNn2xN+/Pl4Gcbevze9eNXuoXVxCEnup5UDZCvIWGeeeTVvUNVvNS8v7XP5nl52/KoxnGeg9hWNcP8Auxhh1ry1UniKybPAxGJliKl+h1Pw5kY+O9NXc2397xnj/VPXvVeHfDa0Y+KNMuvJfH7395g4+44+le4162HVoteZ7eXpqj/XZFHVNO/tK1WHzfL2uHztz2I9fevEdXbydav7XGfLuJE3euGIzj8K98rk/Fug3WpaJfQwyQq0rKVLkgffB5wKzxdD2kdB43D+1hdbo8w0nUfsOp2j+Vv2To+N2M4YcdPavYdB8Q/2x9o/0XyfK2/8tN2c59h6V4fqulT6DcC1unjd3TzAYiSMEkdwPQ1QjuEGeGrzaNarhnZLTseRQxdXCy5WtD2jxl4r+w6eq/Yt+24Cf63GeG56e1eS6tqP9palNd+V5fmY+XdnGAB1x7VmvMuScHrULzrhhg9KVT2uIldoxxGJqYiWuxO8m3HFUM+Zx070E+Z07eteoeCPBGpaZrU0009oytbsgCOxOdynuo9K7KFBQVlq3+BphsM5s2/htom3w/pmp/aP+ev7vZ/tuvXP9K9AqCyga3tEicgsuc46dc1PXowjZWPo6UFCCigpkkaTRlHGVPUZp9FMs53WvB2jaqkk81h5t0sJSI+c6+pA4YDqe9cFqPw6vx5f2HSvXf8A6Qvtjq31r1+isp0IS3Rz1MLSqbo8Fk+HPiou23Svlycf6RF0/wC+qs2nw210vF9q0n5dw8z/AElOmeejele40VMcPGOzZksvop3/AMv8jz/RPhtpC+f/AGnpP93y/wDSX98/db6V3MFlb27l4o9rEYzknip6K2UUtjqhShBWigoooqiz/9k=</BINVAL>
          <TYPE>image/jpeg</TYPE>
        </PHOTO>
        <EMAIL>
          <WORK/>
          <INTERNET/>
          <PREF/>
          <USERID>test@home.net</USERID>
        </EMAIL>
        <EMAIL>
          <HOME/>
          <INTERNET/>
          <PREF/>
          <USERID>test@home.net</USERID>
        </EMAIL>
        <TEL>
          <HOME/>
          <VOICE/>
          <NUMBER>1234567</NUMBER>
        </TEL>
      </vCard>
    </user>
  </host>
</server-data>
