<?xml version='1.0' encoding='UTF-8'?>
<host xmlns='urn:xmpp:pie:0' xmlns:xi='http://www.w3.org/2001/XInclude' jid='sub'>
  <xi:include href='sub/61/admin.xml' />
  <xi:include href='sub/61/anno.xml' />
  <xi:include href='sub/6a/ju001.xml' />
  <xi:include href='sub/6a/ju0011.xml' />
  <xi:include href='sub/6a/ju0012.xml' />
  <xi:include href='sub/6a/ju00122.xml' />
  <xi:include href='sub/74/test1.xml' />
  <xi:include href='sub/74/test2.xml' />
</host>
